Copyright 1986-2015 Xilinx, Inc. All Rights Reserved.
----------------------------------------------------------------------------------------------------------------
| Tool Version : Vivado v.2015.4 (lin64) Build 1412921 Wed Nov 18 09:44:32 MST 2015
| Date         : Wed May 15 13:20:12 2019
| Host         : sopa-ubuntu14 running 64-bit Ubuntu 14.04.5 LTS
| Command      : report_timing -file out/post_route_timing.rpt -sort_by group -max_paths 100 -path_type summary
| Design       : red_pitaya_top
| Device       : 7z010-clg400
| Speed File   : -1  PRODUCTION 1.11 2014-09-11
----------------------------------------------------------------------------------------------------------------

Timing Report

Startpoint                     Endpoint                       Slack(ns)     
----------------------------------------------------------------------------
i_dsp/genblk4[4].iir/y0_reg[4]/C
                               i_dsp/genblk4[4].iir/overflow_reg[3]/D
                                                              -5.402        
i_dsp/genblk4[4].iir/y0_reg[4]/C
                               i_dsp/genblk4[4].iir/p_by0_reg[29]/D
                                                              -5.223        
i_dsp/genblk4[4].iir/y1a_reg[11]/C
                               i_dsp/genblk4[4].iir/overflow_reg[0]/D
                                                              -5.202        
i_dsp/genblk4[4].iir/y2a_reg[16]/C
                               i_dsp/genblk4[4].iir/overflow_reg[1]/D
                                                              -5.195        
i_dsp/genblk4[4].iir/y0_reg[4]/C
                               i_dsp/genblk4[4].iir/p_by0_reg[23]/D
                                                              -5.102        
i_dsp/genblk4[4].iir/y0_reg[4]/C
                               i_dsp/genblk4[4].iir/p_by0_reg[27]/D
                                                              -5.091        
i_dsp/genblk4[4].iir/y0_reg[4]/C
                               i_dsp/genblk4[4].iir/p_by0_reg[25]/D
                                                              -5.055        
i_dsp/genblk4[4].iir/y0_reg[4]/C
                               i_dsp/genblk4[4].iir/p_by0_reg[26]/D
                                                              -5.043        
i_dsp/genblk4[4].iir/y0_reg[4]/C
                               i_dsp/genblk4[4].iir/p_by0_reg[28]/D
                                                              -5.040        
i_dsp/genblk4[4].iir/y1b_reg[13]/C
                               i_dsp/genblk4[4].iir/overflow_reg[4]/D
                                                              -5.022        
i_dsp/genblk4[4].iir/y0_reg[4]/C
                               i_dsp/genblk4[4].iir/p_by0_reg[10]/D
                                                              -4.991        
i_dsp/genblk4[4].iir/y2a_reg[16]/C
                               i_dsp/genblk4[4].iir/p_ay2_reg[24]/D
                                                              -4.978        
i_dsp/genblk4[4].iir/y0_reg[4]/C
                               i_dsp/genblk4[4].iir/p_by0_reg[24]/D
                                                              -4.973        
i_dsp/genblk4[4].iir/y2a_reg[16]/C
                               i_dsp/genblk4[4].iir/p_ay2_reg[28]/D
                                                              -4.956        
i_dsp/genblk4[4].iir/y2a_reg[16]/C
                               i_dsp/genblk4[4].iir/p_ay2_reg[27]/D
                                                              -4.952        
i_dsp/genblk4[4].iir/y0_reg[4]/C
                               i_dsp/genblk4[4].iir/p_by0_reg[8]/D
                                                              -4.943        
i_dsp/genblk4[4].iir/y2a_reg[16]/C
                               i_dsp/genblk4[4].iir/p_ay2_reg[26]/D
                                                              -4.941        
i_dsp/genblk4[4].iir/y0_reg[4]/C
                               i_dsp/genblk4[4].iir/p_by0_reg[20]/D
                                                              -4.926        
i_dsp/genblk4[4].iir/y0_reg[4]/C
                               i_dsp/genblk4[4].iir/p_by0_reg[12]/D
                                                              -4.915        
i_dsp/genblk4[4].iir/y2a_reg[16]/C
                               i_dsp/genblk4[4].iir/p_ay2_reg[16]/D
                                                              -4.907        
i_dsp/genblk4[4].iir/y0_reg[4]/C
                               i_dsp/genblk4[4].iir/p_by0_reg[22]/D
                                                              -4.887        
i_dsp/genblk4[4].iir/y1b_reg[13]/C
                               i_dsp/genblk4[4].iir/p_by1_reg[1]/D
                                                              -4.871        
i_dsp/genblk4[4].iir/y2a_reg[16]/C
                               i_dsp/genblk4[4].iir/p_ay2_reg[30]/D
                                                              -4.870        
i_dsp/genblk4[4].iir/y0_reg[4]/C
                               i_dsp/genblk4[4].iir/p_by0_reg[9]/D
                                                              -4.866        
i_dsp/genblk4[4].iir/y0_reg[4]/C
                               i_dsp/genblk4[4].iir/p_by0_reg[6]/D
                                                              -4.866        
i_dsp/genblk4[4].iir/y2a_reg[16]/C
                               i_dsp/genblk4[4].iir/p_ay2_reg[22]/D
                                                              -4.859        
i_dsp/genblk4[4].iir/y0_reg[4]/C
                               i_dsp/genblk4[4].iir/p_by0_reg[0]/D
                                                              -4.857        
i_dsp/genblk4[4].iir/y0_reg[4]/C
                               i_dsp/genblk4[4].iir/p_by0_reg[30]/D
                                                              -4.857        
i_dsp/genblk4[4].iir/y0_reg[4]/C
                               i_dsp/genblk4[4].iir/p_by0_reg[21]/D
                                                              -4.856        
i_dsp/genblk4[4].iir/y0_reg[4]/C
                               i_dsp/genblk4[4].iir/p_by0_reg[17]/D
                                                              -4.849        
i_dsp/genblk4[4].iir/y0_reg[4]/C
                               i_dsp/genblk4[4].iir/p_by0_reg[7]/D
                                                              -4.847        
i_dsp/genblk4[4].iir/y1a_reg[11]/C
                               i_dsp/genblk4[4].iir/p_ay1_reg[17]/D
                                                              -4.847        
i_dsp/genblk4[4].iir/y0_reg[4]/C
                               i_dsp/genblk4[4].iir/p_by0_reg[2]/D
                                                              -4.842        
i_dsp/genblk4[4].iir/y0_reg[4]/C
                               i_dsp/genblk4[4].iir/p_by0_reg[5]/D
                                                              -4.837        
i_dsp/genblk4[4].iir/y2a_reg[16]/C
                               i_dsp/genblk4[4].iir/p_ay2_reg[23]/D
                                                              -4.836        
i_dsp/genblk4[4].iir/y0_reg[4]/C
                               i_dsp/genblk4[4].iir/p_by0_reg[13]/D
                                                              -4.830        
i_dsp/genblk4[4].iir/y2a_reg[16]/C
                               i_dsp/genblk4[4].iir/p_ay2_reg[15]/D
                                                              -4.826        
i_dsp/genblk4[4].iir/y1a_reg[11]/C
                               i_dsp/genblk4[4].iir/p_ay1_reg[2]/D
                                                              -4.823        
i_dsp/genblk4[4].iir/y0_reg[4]/C
                               i_dsp/genblk4[4].iir/p_by0_reg[16]/D
                                                              -4.822        
i_dsp/genblk4[4].iir/y2a_reg[16]/C
                               i_dsp/genblk4[4].iir/p_ay2_reg[29]/D
                                                              -4.821        
i_dsp/genblk4[4].iir/y0_reg[4]/C
                               i_dsp/genblk4[4].iir/p_by0_reg[14]/D
                                                              -4.819        
i_dsp/genblk4[4].iir/y2a_reg[16]/C
                               i_dsp/genblk4[4].iir/p_ay2_reg[6]/D
                                                              -4.816        
i_dsp/genblk4[4].iir/y2a_reg[16]/C
                               i_dsp/genblk4[4].iir/p_ay2_reg[8]/D
                                                              -4.813        
i_dsp/genblk6[7].iq_2_outputs/iqfilter[1]/genblk2[0].lpf/delta_reg[6]/C
                               i_dsp/genblk6[7].iq_2_outputs/modulator/secondproduct1/D[7]
                                                              -4.811        
i_dsp/genblk4[4].iir/y0_reg[4]/C
                               i_dsp/genblk4[4].iir/p_by0_reg[1]/D
                                                              -4.799        
i_dsp/genblk4[4].iir/y2a_reg[16]/C
                               i_dsp/genblk4[4].iir/p_ay2_reg[12]/D
                                                              -4.796        
i_dsp/genblk4[4].iir/y0_reg[4]/C
                               i_dsp/genblk4[4].iir/p_by0_reg[4]/D
                                                              -4.792        
i_dsp/genblk6[7].iq_2_outputs/iqfilter[1]/genblk2[0].lpf/delta_reg[6]/C
                               i_dsp/genblk6[7].iq_2_outputs/modulator/secondproduct1/D[1]
                                                              -4.792        
i_dsp/genblk4[4].iir/y1b_reg[13]/C
                               i_dsp/genblk4[4].iir/p_by1_reg[10]/D
                                                              -4.779        
i_dsp/genblk4[4].iir/y2a_reg[16]/C
                               i_dsp/genblk4[4].iir/p_ay2_reg[4]/D
                                                              -4.779        
i_dsp/genblk4[4].iir/y0_reg[4]/C
                               i_dsp/genblk4[4].iir/p_by0_reg[18]/D
                                                              -4.773        
i_dsp/genblk4[4].iir/y2a_reg[16]/C
                               i_dsp/genblk4[4].iir/p_ay2_reg[3]/D
                                                              -4.772        
i_dsp/genblk4[4].iir/y0_reg[4]/C
                               i_dsp/genblk4[4].iir/p_by0_reg[11]/D
                                                              -4.771        
i_dsp/genblk4[4].iir/y1b_reg[13]/C
                               i_dsp/genblk4[4].iir/p_by1_reg[12]/D
                                                              -4.769        
i_dsp/genblk4[4].iir/y0_reg[4]/C
                               i_dsp/genblk4[4].iir/p_by0_reg[3]/D
                                                              -4.764        
i_dsp/genblk4[4].iir/y2a_reg[16]/C
                               i_dsp/genblk4[4].iir/p_ay2_reg[21]/D
                                                              -4.761        
i_dsp/genblk6[7].iq_2_outputs/iqfilter[1]/genblk2[0].lpf/delta_reg[6]/C
                               i_dsp/genblk6[7].iq_2_outputs/modulator/secondproduct1/D[3]
                                                              -4.760        
i_dsp/genblk4[4].iir/y0_reg[4]/C
                               i_dsp/genblk4[4].iir/p_by0_reg[15]/D
                                                              -4.760        
i_dsp/genblk4[4].iir/y2a_reg[16]/C
                               i_dsp/genblk4[4].iir/p_ay2_reg[19]/D
                                                              -4.759        
i_dsp/genblk4[4].iir/y2a_reg[16]/C
                               i_dsp/genblk4[4].iir/p_ay2_reg[17]/D
                                                              -4.757        
i_dsp/genblk4[4].iir/y2a_reg[16]/C
                               i_dsp/genblk4[4].iir/p_ay2_reg[20]/D
                                                              -4.750        
i_dsp/genblk4[4].iir/y1a_reg[11]/C
                               i_dsp/genblk4[4].iir/p_ay1_reg[26]/D
                                                              -4.746        
i_dsp/genblk4[4].iir/y1a_reg[5]/C
                               i_dsp/genblk4[4].iir/p_ay1_reg[30]/D
                                                              -4.745        
i_dsp/genblk4[4].iir/y2a_reg[16]/C
                               i_dsp/genblk4[4].iir/p_ay2_reg[25]/D
                                                              -4.743        
i_dsp/genblk4[4].iir/y0_reg[4]/C
                               i_dsp/genblk4[4].iir/p_by0_reg[19]/D
                                                              -4.741        
i_dsp/genblk4[4].iir/y2a_reg[16]/C
                               i_dsp/genblk4[4].iir/p_ay2_reg[0]/D
                                                              -4.739        
i_dsp/genblk4[4].iir/y2a_reg[16]/C
                               i_dsp/genblk4[4].iir/p_ay2_reg[1]/D
                                                              -4.735        
i_dsp/genblk4[4].iir/y1b_reg[13]/C
                               i_dsp/genblk4[4].iir/p_by1_reg[8]/D
                                                              -4.733        
i_dsp/genblk4[4].iir/y2a_reg[16]/C
                               i_dsp/genblk4[4].iir/p_ay2_reg[11]/D
                                                              -4.731        
i_dsp/genblk4[4].iir/y2a_reg[16]/C
                               i_dsp/genblk4[4].iir/p_ay2_reg[9]/D
                                                              -4.729        
i_dsp/genblk4[4].iir/y2a_reg[16]/C
                               i_dsp/genblk4[4].iir/p_ay2_reg[10]/D
                                                              -4.724        
i_dsp/genblk6[7].iq_2_outputs/iqfilter[1]/genblk2[0].lpf/delta_reg[6]/C
                               i_dsp/genblk6[7].iq_2_outputs/modulator/secondproduct1/D[2]
                                                              -4.724        
i_dsp/genblk6[7].iq_2_outputs/iqfilter[1]/genblk2[0].lpf/delta_reg[6]/C
                               i_dsp/genblk6[7].iq_2_outputs/modulator/secondproduct1/D[5]
                                                              -4.721        
i_dsp/genblk4[4].iir/y2a_reg[16]/C
                               i_dsp/genblk4[4].iir/p_ay2_reg[13]/D
                                                              -4.717        
i_dsp/genblk4[4].iir/y1a_reg[11]/C
                               i_dsp/genblk4[4].iir/p_ay1_reg[18]/D
                                                              -4.717        
i_dsp/genblk4[4].iir/y1b_reg[13]/C
                               i_dsp/genblk4[4].iir/p_by1_reg[4]/D
                                                              -4.709        
i_dsp/genblk4[4].iir/y1a_reg[11]/C
                               i_dsp/genblk4[4].iir/p_ay1_reg[15]/D
                                                              -4.708        
i_dsp/genblk4[4].iir/y1a_reg[5]/C
                               i_dsp/genblk4[4].iir/p_ay1_reg[6]/D
                                                              -4.708        
i_dsp/genblk4[4].iir/y1a_reg[11]/C
                               i_dsp/genblk4[4].iir/p_ay1_reg[19]/D
                                                              -4.707        
i_dsp/genblk4[4].iir/y1a_reg[5]/C
                               i_dsp/genblk4[4].iir/p_ay1_reg[4]/D
                                                              -4.707        
i_dsp/genblk6[7].iq_2_outputs/iqfilter[1]/genblk2[0].lpf/delta_reg[6]/C
                               i_dsp/genblk6[7].iq_2_outputs/modulator/secondproduct1/D[6]
                                                              -4.705        
i_dsp/genblk6[7].iq_2_outputs/iqfilter[1]/genblk2[0].lpf/delta_reg[6]/C
                               i_dsp/genblk6[7].iq_2_outputs/modulator/secondproduct1/D[10]
                                                              -4.696        
i_dsp/genblk4[4].iir/y1a_reg[11]/C
                               i_dsp/genblk4[4].iir/p_ay1_reg[5]/D
                                                              -4.690        
i_dsp/genblk4[4].iir/y1a_reg[11]/C
                               i_dsp/genblk4[4].iir/p_ay1_reg[28]/D
                                                              -4.686        
i_dsp/genblk4[4].iir/y2a_reg[16]/C
                               i_dsp/genblk4[4].iir/p_ay2_reg[7]/D
                                                              -4.685        
i_dsp/genblk4[4].iir/y2a_reg[16]/C
                               i_dsp/genblk4[4].iir/p_ay2_reg[14]/D
                                                              -4.683        
i_dsp/genblk6[7].iq_2_outputs/iqfilter[1]/genblk2[0].lpf/delta_reg[6]/C
                               i_dsp/genblk6[7].iq_2_outputs/modulator/secondproduct1/D[8]
                                                              -4.681        
i_dsp/genblk4[4].iir/y1a_reg[11]/C
                               i_dsp/genblk4[4].iir/p_ay1_reg[12]/D
                                                              -4.680        
i_dsp/genblk4[4].iir/y1b_reg[13]/C
                               i_dsp/genblk4[4].iir/p_by1_reg[29]/D
                                                              -4.678        
i_dsp/genblk4[4].iir/y2a_reg[16]/C
                               i_dsp/genblk4[4].iir/p_ay2_reg[5]/D
                                                              -4.678        
i_dsp/genblk4[4].iir/y1b_reg[13]/C
                               i_dsp/genblk4[4].iir/p_by1_reg[23]/D
                                                              -4.664        
i_dsp/genblk4[4].iir/y2a_reg[16]/C
                               i_dsp/genblk4[4].iir/p_ay2_reg[18]/D
                                                              -4.659        
i_dsp/genblk4[4].iir/y1a_reg[5]/C
                               i_dsp/genblk4[4].iir/p_ay1_reg[24]/D
                                                              -4.644        
i_dsp/genblk4[4].iir/y1a_reg[5]/C
                               i_dsp/genblk4[4].iir/p_ay1_reg[27]/D
                                                              -4.638        
i_dsp/genblk4[4].iir/y1b_reg[13]/C
                               i_dsp/genblk4[4].iir/p_by1_reg[24]/D
                                                              -4.635        
i_dsp/genblk4[4].iir/y1b_reg[13]/C
                               i_dsp/genblk4[4].iir/p_by1_reg[17]/D
                                                              -4.634        
i_dsp/genblk4[4].iir/y1b_reg[13]/C
                               i_dsp/genblk4[4].iir/p_by1_reg[21]/D
                                                              -4.629        
i_dsp/genblk4[4].iir/y1b_reg[13]/C
                               i_dsp/genblk4[4].iir/p_by1_reg[20]/D
                                                              -4.627        
i_dsp/genblk4[4].iir/y1b_reg[13]/C
                               i_dsp/genblk4[4].iir/p_by1_reg[7]/D
                                                              -4.627        
i_dsp/genblk6[7].iq_2_outputs/iqfilter[1]/genblk2[0].lpf/delta_reg[6]/C
                               i_dsp/genblk6[7].iq_2_outputs/modulator/secondproduct1/D[11]
                                                              -4.625        
i_ps/system_i/system_i/xadc/inst/INTR_CTRLR_GEN_I.ip2bus_rdack_reg/C
                               i_ps/system_i/system_i/axi_protocol_converter_0/inst/gen_axilite.gen_b2s_conv.axilite_b2s/RD.ar_channel_0/cmd_translator_0/incr_cmd_0/axaddr_incr_reg[11]/D
                                                              -2.503        
i_ps/system_i/system_i/xadc/inst/AXI_LITE_IPIF_I/I_SLAVE_ATTACHMENT/INCLUDE_DPHASE_TIMER.dpto_cnt_reg[6]/C
                               i_ps/system_i/system_i/axi_protocol_converter_0/inst/gen_axilite.gen_b2s_conv.axilite_b2s/WR.aw_channel_0/cmd_translator_0/incr_cmd_0/axaddr_incr_reg[11]/D
                                                              -2.206        
i_ps/system_i/system_i/xadc/inst/AXI_LITE_IPIF_I/I_SLAVE_ATTACHMENT/INCLUDE_DPHASE_TIMER.dpto_cnt_reg[6]/C
                               i_ps/system_i/system_i/axi_protocol_converter_0/inst/gen_axilite.gen_b2s_conv.axilite_b2s/WR.aw_channel_0/s_awid_r_reg[0]/CE
                                                              -1.933        
i_ps/system_i/system_i/xadc/inst/AXI_LITE_IPIF_I/I_SLAVE_ATTACHMENT/INCLUDE_DPHASE_TIMER.dpto_cnt_reg[6]/C
                               i_ps/system_i/system_i/axi_protocol_converter_0/inst/gen_axilite.gen_b2s_conv.axilite_b2s/WR.aw_channel_0/s_awid_r_reg[10]/CE
                                                              -1.933        
i_ps/system_i/system_i/xadc/inst/AXI_LITE_IPIF_I/I_SLAVE_ATTACHMENT/INCLUDE_DPHASE_TIMER.dpto_cnt_reg[6]/C
                               i_ps/system_i/system_i/axi_protocol_converter_0/inst/gen_axilite.gen_b2s_conv.axilite_b2s/WR.aw_channel_0/s_awid_r_reg[11]/CE
                                                              -1.933        
i_ps/system_i/system_i/xadc/inst/AXI_LITE_IPIF_I/I_SLAVE_ATTACHMENT/INCLUDE_DPHASE_TIMER.dpto_cnt_reg[6]/C
                               i_ps/system_i/system_i/axi_protocol_converter_0/inst/gen_axilite.gen_b2s_conv.axilite_b2s/WR.aw_channel_0/s_awid_r_reg[7]/CE
                                                              -1.933        
i_ps/system_i/system_i/axi_protocol_converter_0/inst/gen_axilite.gen_b2s_conv.axilite_b2s/WR.aw_channel_0/aw_cmd_fsm_0/state_reg[1]/C
                               i_ps/system_i/system_i/axi_protocol_converter_0/inst/gen_axilite.gen_b2s_conv.axilite_b2s/WR.aw_channel_0/cmd_translator_0/wrap_cmd_0/wrap_second_len_r_reg[0]/D
                                                              -1.699        
i_ps/system_i/system_i/xadc/inst/INTR_CTRLR_GEN_I.ip2bus_rdack_reg/C
                               i_ps/system_i/system_i/axi_protocol_converter_0/inst/gen_axilite.gen_b2s_conv.axilite_b2s/RD.ar_channel_0/cmd_translator_0/incr_cmd_0/axaddr_incr_reg[3]/D
                                                              -1.624        
i_ps/system_i/system_i/xadc/inst/AXI_LITE_IPIF_I/I_SLAVE_ATTACHMENT/INCLUDE_DPHASE_TIMER.dpto_cnt_reg[6]/C
                               i_ps/system_i/system_i/axi_protocol_converter_0/inst/gen_axilite.gen_b2s_conv.axilite_b2s/WR.aw_channel_0/cmd_translator_0/incr_cmd_0/axaddr_incr_reg[9]/D
                                                              -1.606        
i_ps/system_i/system_i/axi_protocol_converter_0/inst/gen_axilite.gen_b2s_conv.axilite_b2s/RD.ar_channel_0/ar_cmd_fsm_0/state_reg[0]/C
                               i_ps/system_i/system_i/axi_protocol_converter_0/inst/gen_axilite.gen_b2s_conv.axilite_b2s/RD.ar_channel_0/cmd_translator_0/wrap_cmd_0/wrap_second_len_r_reg[0]/D
                                                              -1.573        
i_ps/system_i/system_i/xadc/inst/INTR_CTRLR_GEN_I.ip2bus_rdack_reg/C
                               i_ps/system_i/system_i/axi_protocol_converter_0/inst/gen_axilite.gen_b2s_conv.axilite_b2s/RD.ar_channel_0/cmd_translator_0/incr_cmd_0/axaddr_incr_reg[2]/D
                                                              -1.540        
i_ps/system_i/system_i/xadc/inst/INTR_CTRLR_GEN_I.ip2bus_rdack_reg/C
                               i_ps/system_i/system_i/axi_protocol_converter_0/inst/gen_axilite.gen_b2s_conv.axilite_b2s/RD.ar_channel_0/cmd_translator_0/incr_cmd_0/axaddr_incr_reg[9]/D
                                                              -1.532        
i_ps/system_i/system_i/axi_protocol_converter_0/inst/gen_axilite.gen_b2s_conv.axilite_b2s/RD.r_channel_0/rd_data_fifo_0/cnt_read_reg[3]_rep__2/C
                               i_ps/system_i/system_i/axi_protocol_converter_0/inst/gen_axilite.gen_b2s_conv.axilite_b2s/RD.ar_channel_0/s_arid_r_reg[10]/CE
                                                              -1.518        
i_ps/system_i/system_i/axi_protocol_converter_0/inst/gen_axilite.gen_b2s_conv.axilite_b2s/RD.r_channel_0/rd_data_fifo_0/cnt_read_reg[3]_rep__2/C
                               i_ps/system_i/system_i/axi_protocol_converter_0/inst/gen_axilite.gen_b2s_conv.axilite_b2s/RD.ar_channel_0/s_arid_r_reg[2]/CE
                                                              -1.518        
i_ps/system_i/system_i/axi_protocol_converter_0/inst/gen_axilite.gen_b2s_conv.axilite_b2s/RD.r_channel_0/rd_data_fifo_0/cnt_read_reg[3]_rep__2/C
                               i_ps/system_i/system_i/axi_protocol_converter_0/inst/gen_axilite.gen_b2s_conv.axilite_b2s/RD.ar_channel_0/s_arid_r_reg[9]/CE
                                                              -1.518        
i_ps/system_i/system_i/xadc/inst/AXI_LITE_IPIF_I/I_SLAVE_ATTACHMENT/INCLUDE_DPHASE_TIMER.dpto_cnt_reg[6]/C
                               i_ps/system_i/system_i/axi_protocol_converter_0/inst/gen_axilite.gen_b2s_conv.axilite_b2s/WR.aw_channel_0/cmd_translator_0/incr_cmd_0/axaddr_incr_reg[10]/D
                                                              -1.511        
i_ps/system_i/system_i/xadc/inst/AXI_LITE_IPIF_I/I_SLAVE_ATTACHMENT/INCLUDE_DPHASE_TIMER.dpto_cnt_reg[6]/C
                               i_ps/system_i/system_i/axi_protocol_converter_0/inst/gen_axilite.gen_b2s_conv.axilite_b2s/WR.aw_channel_0/cmd_translator_0/incr_cmd_0/axaddr_incr_reg[8]/D
                                                              -1.495        
i_ps/system_i/system_i/xadc/inst/AXI_LITE_IPIF_I/I_SLAVE_ATTACHMENT/INCLUDE_DPHASE_TIMER.dpto_cnt_reg[6]/C
                               i_ps/system_i/system_i/axi_protocol_converter_0/inst/gen_axilite.gen_b2s_conv.axilite_b2s/WR.aw_channel_0/cmd_translator_0/incr_cmd_0/axaddr_incr_reg[5]/D
                                                              -1.492        
i_ps/system_i/system_i/xadc/inst/AXI_LITE_IPIF_I/I_SLAVE_ATTACHMENT/INCLUDE_DPHASE_TIMER.dpto_cnt_reg[6]/C
                               i_ps/system_i/system_i/axi_protocol_converter_0/inst/gen_axilite.gen_b2s_conv.axilite_b2s/WR.aw_channel_0/cmd_translator_0/incr_cmd_0/axaddr_incr_reg[7]/D
                                                              -1.471        
i_ps/system_i/system_i/xadc/inst/INTR_CTRLR_GEN_I.ip2bus_rdack_reg/C
                               i_ps/system_i/system_i/axi_protocol_converter_0/inst/gen_axilite.gen_b2s_conv.axilite_b2s/RD.ar_channel_0/cmd_translator_0/incr_cmd_0/axaddr_incr_reg[10]/D
                                                              -1.437        
i_ps/system_i/system_i/xadc/inst/AXI_LITE_IPIF_I/I_SLAVE_ATTACHMENT/INCLUDE_DPHASE_TIMER.dpto_cnt_reg[6]/C
                               i_ps/system_i/system_i/axi_protocol_converter_0/inst/gen_axilite.gen_b2s_conv.axilite_b2s/WR.aw_channel_0/s_awid_r_reg[4]/CE
                                                              -1.435        
i_ps/system_i/system_i/xadc/inst/AXI_LITE_IPIF_I/I_SLAVE_ATTACHMENT/INCLUDE_DPHASE_TIMER.dpto_cnt_reg[6]/C
                               i_ps/system_i/system_i/axi_protocol_converter_0/inst/gen_axilite.gen_b2s_conv.axilite_b2s/WR.aw_channel_0/s_awid_r_reg[9]/CE
                                                              -1.435        
i_ps/system_i/system_i/xadc/inst/INTR_CTRLR_GEN_I.ip2bus_rdack_reg/C
                               i_ps/system_i/system_i/axi_protocol_converter_0/inst/gen_axilite.gen_b2s_conv.axilite_b2s/RD.ar_channel_0/cmd_translator_0/incr_cmd_0/axaddr_incr_reg[1]/CE
                                                              -1.423        
i_ps/system_i/system_i/xadc/inst/INTR_CTRLR_GEN_I.ip2bus_rdack_reg/C
                               i_ps/system_i/system_i/axi_protocol_converter_0/inst/gen_axilite.gen_b2s_conv.axilite_b2s/RD.ar_channel_0/cmd_translator_0/incr_cmd_0/axaddr_incr_reg[2]/CE
                                                              -1.423        
i_ps/system_i/system_i/xadc/inst/INTR_CTRLR_GEN_I.ip2bus_rdack_reg/C
                               i_ps/system_i/system_i/axi_protocol_converter_0/inst/gen_axilite.gen_b2s_conv.axilite_b2s/RD.ar_channel_0/cmd_translator_0/incr_cmd_0/axaddr_incr_reg[3]/CE
                                                              -1.423        
i_ps/system_i/system_i/xadc/inst/INTR_CTRLR_GEN_I.ip2bus_rdack_reg/C
                               i_ps/system_i/system_i/axi_protocol_converter_0/inst/gen_axilite.gen_b2s_conv.axilite_b2s/RD.ar_channel_0/cmd_translator_0/incr_cmd_0/axaddr_incr_reg[4]/CE
                                                              -1.423        
i_ps/system_i/system_i/xadc/inst/INTR_CTRLR_GEN_I.ip2bus_rdack_reg/C
                               i_ps/system_i/system_i/axi_protocol_converter_0/inst/gen_axilite.gen_b2s_conv.axilite_b2s/RD.ar_channel_0/cmd_translator_0/incr_cmd_0/axaddr_incr_reg[5]/CE
                                                              -1.423        
i_ps/system_i/system_i/xadc/inst/INTR_CTRLR_GEN_I.ip2bus_rdack_reg/C
                               i_ps/system_i/system_i/axi_protocol_converter_0/inst/gen_axilite.gen_b2s_conv.axilite_b2s/RD.ar_channel_0/cmd_translator_0/incr_cmd_0/axaddr_incr_reg[6]/CE
                                                              -1.423        
i_ps/system_i/system_i/xadc/inst/INTR_CTRLR_GEN_I.ip2bus_rdack_reg/C
                               i_ps/system_i/system_i/axi_protocol_converter_0/inst/gen_axilite.gen_b2s_conv.axilite_b2s/RD.ar_channel_0/cmd_translator_0/incr_cmd_0/axaddr_incr_reg[7]/CE
                                                              -1.423        
i_ps/system_i/system_i/axi_protocol_converter_0/inst/gen_axilite.gen_b2s_conv.axilite_b2s/SI_REG/aw_pipe/m_payload_i_reg[6]/C
                               i_ps/system_i/system_i/xadc/inst/AXI_LITE_IPIF_I/I_SLAVE_ATTACHMENT/I_DECODER/GEN_BKEND_CE_REGISTERS[5].ce_out_i_reg[5]/D
                                                              -1.423        
i_ps/system_i/system_i/xadc/inst/INTR_CTRLR_GEN_I.ip2bus_rdack_reg/C
                               i_ps/system_i/system_i/axi_protocol_converter_0/inst/gen_axilite.gen_b2s_conv.axilite_b2s/RD.ar_channel_0/cmd_translator_0/incr_cmd_0/axaddr_incr_reg[8]/D
                                                              -1.421        
i_ps/system_i/system_i/xadc/inst/AXI_LITE_IPIF_I/I_SLAVE_ATTACHMENT/INCLUDE_DPHASE_TIMER.dpto_cnt_reg[6]/C
                               i_ps/system_i/system_i/axi_protocol_converter_0/inst/gen_axilite.gen_b2s_conv.axilite_b2s/WR.aw_channel_0/cmd_translator_0/incr_cmd_0/axaddr_incr_reg[6]/D
                                                              -1.397        
i_ps/system_i/system_i/xadc/inst/AXI_LITE_IPIF_I/I_SLAVE_ATTACHMENT/INCLUDE_DPHASE_TIMER.dpto_cnt_reg[6]/C
                               i_ps/system_i/system_i/axi_protocol_converter_0/inst/gen_axilite.gen_b2s_conv.axilite_b2s/WR.aw_channel_0/cmd_translator_0/incr_cmd_0/axaddr_incr_reg[4]/D
                                                              -1.381        
i_ps/system_i/system_i/processing_system7/inst/PS7_i/MAXIGP1ACLK
                               i_ps/system_i/system_i/xadc/inst/INTR_CTRLR_GEN_I.INTERRUPT_CONTROL_I/GEN_IP_IRPT_STATUS_REG[2].GEN_REG_STATUS.ip_irpt_status_reg_reg[2]/D
                                                              -1.363        
i_ps/system_i/system_i/axi_protocol_converter_0/inst/gen_axilite.gen_b2s_conv.axilite_b2s/SI_REG/aw_pipe/m_payload_i_reg[6]/C
                               i_ps/system_i/system_i/xadc/inst/AXI_LITE_IPIF_I/I_SLAVE_ATTACHMENT/I_DECODER/GEN_BKEND_CE_REGISTERS[4].ce_out_i_reg[4]/D
                                                              -1.355        
i_ps/system_i/system_i/axi_protocol_converter_0/inst/gen_axilite.gen_b2s_conv.axilite_b2s/SI_REG/aw_pipe/m_payload_i_reg[6]/C
                               i_ps/system_i/system_i/xadc/inst/AXI_LITE_IPIF_I/I_SLAVE_ATTACHMENT/I_DECODER/GEN_BKEND_CE_REGISTERS[2].ce_out_i_reg[2]/D
                                                              -1.353        
i_ps/system_i/system_i/processing_system7/inst/PS7_i/MAXIGP1ACLK
                               i_ps/system_i/system_i/xadc/inst/INTR_CTRLR_GEN_I.INTERRUPT_CONTROL_I/GEN_IP_IRPT_STATUS_REG[14].GEN_REG_STATUS.ip_irpt_status_reg_reg[14]/D
                                                              -1.353        
i_ps/system_i/system_i/processing_system7/inst/PS7_i/MAXIGP1ACLK
                               i_ps/system_i/system_i/xadc/inst/INTR_CTRLR_GEN_I.INTERRUPT_CONTROL_I/GEN_IP_IRPT_STATUS_REG[1].GEN_REG_STATUS.ip_irpt_status_reg_reg[1]/D
                                                              -1.344        
i_ps/system_i/system_i/xadc/inst/SOFT_RESET_I/RESET_FLOPS[15].RST_FLOPS/C
                               i_ps/system_i/system_i/xadc/inst/AXI_XADC_CORE_I/do_reg_reg[10]/R
                                                              -1.327        
i_ps/system_i/system_i/xadc/inst/SOFT_RESET_I/RESET_FLOPS[15].RST_FLOPS/C
                               i_ps/system_i/system_i/xadc/inst/AXI_XADC_CORE_I/do_reg_reg[11]/R
                                                              -1.327        
i_ps/system_i/system_i/xadc/inst/SOFT_RESET_I/RESET_FLOPS[15].RST_FLOPS/C
                               i_ps/system_i/system_i/xadc/inst/AXI_XADC_CORE_I/do_reg_reg[15]/R
                                                              -1.327        
i_ps/system_i/system_i/xadc/inst/SOFT_RESET_I/RESET_FLOPS[15].RST_FLOPS/C
                               i_ps/system_i/system_i/xadc/inst/AXI_XADC_CORE_I/do_reg_reg[4]/R
                                                              -1.327        
i_ps/system_i/system_i/xadc/inst/SOFT_RESET_I/RESET_FLOPS[15].RST_FLOPS/C
                               i_ps/system_i/system_i/xadc/inst/AXI_XADC_CORE_I/do_reg_reg[5]/R
                                                              -1.327        
i_ps/system_i/system_i/xadc/inst/SOFT_RESET_I/RESET_FLOPS[15].RST_FLOPS/C
                               i_ps/system_i/system_i/xadc/inst/AXI_XADC_CORE_I/do_reg_reg[7]/R
                                                              -1.327        
i_ps/system_i/system_i/xadc/inst/SOFT_RESET_I/RESET_FLOPS[15].RST_FLOPS/C
                               i_ps/system_i/system_i/xadc/inst/AXI_XADC_CORE_I/do_reg_reg[8]/R
                                                              -1.327        
i_ps/system_i/system_i/axi_protocol_converter_0/inst/gen_axilite.gen_b2s_conv.axilite_b2s/SI_REG/aw_pipe/m_payload_i_reg[8]/C
                               i_ps/system_i/system_i/xadc/inst/AXI_LITE_IPIF_I/I_SLAVE_ATTACHMENT/I_DECODER/GEN_BKEND_CE_REGISTERS[10].ce_out_i_reg[10]/D
                                                              -1.318        
i_ps/system_i/system_i/xadc/inst/INTR_CTRLR_GEN_I.ip2bus_rdack_reg/C
                               i_ps/system_i/system_i/axi_protocol_converter_0/inst/gen_axilite.gen_b2s_conv.axilite_b2s/RD.ar_channel_0/cmd_translator_0/incr_cmd_0/axaddr_incr_reg[1]/D
                                                              -1.312        
i_ps/system_i/system_i/axi_protocol_converter_0/inst/gen_axilite.gen_b2s_conv.axilite_b2s/RD.r_channel_0/rd_data_fifo_0/cnt_read_reg[3]_rep__2/C
                               i_ps/system_i/system_i/axi_protocol_converter_0/inst/gen_axilite.gen_b2s_conv.axilite_b2s/RD.r_channel_0/rd_data_fifo_0/cnt_read_reg[4]_rep__0/D
                                                              -1.292        
i_ps/system_i/system_i/xadc/inst/INTR_CTRLR_GEN_I.ip2bus_rdack_reg/C
                               i_ps/system_i/system_i/axi_protocol_converter_0/inst/gen_axilite.gen_b2s_conv.axilite_b2s/RD.ar_channel_0/cmd_translator_0/incr_cmd_0/axaddr_incr_reg[7]/D
                                                              -1.287        
i_ps/system_i/system_i/xadc/inst/INTR_CTRLR_GEN_I.ip2bus_rdack_reg/C
                               i_ps/system_i/system_i/axi_protocol_converter_0/inst/gen_axilite.gen_b2s_conv.axilite_b2s/RD.ar_channel_0/cmd_translator_0/incr_cmd_0/axaddr_incr_reg[0]/CE
                                                              -1.285        
i_ps/system_i/system_i/xadc/inst/INTR_CTRLR_GEN_I.ip2bus_rdack_reg/C
                               i_ps/system_i/system_i/axi_protocol_converter_0/inst/gen_axilite.gen_b2s_conv.axilite_b2s/RD.ar_channel_0/cmd_translator_0/incr_cmd_0/axaddr_incr_reg[10]/CE
                                                              -1.285        
i_ps/system_i/system_i/xadc/inst/INTR_CTRLR_GEN_I.ip2bus_rdack_reg/C
                               i_ps/system_i/system_i/axi_protocol_converter_0/inst/gen_axilite.gen_b2s_conv.axilite_b2s/RD.ar_channel_0/cmd_translator_0/incr_cmd_0/axaddr_incr_reg[8]/CE
                                                              -1.285        
i_ps/system_i/system_i/xadc/inst/INTR_CTRLR_GEN_I.ip2bus_rdack_reg/C
                               i_ps/system_i/system_i/axi_protocol_converter_0/inst/gen_axilite.gen_b2s_conv.axilite_b2s/RD.ar_channel_0/cmd_translator_0/incr_cmd_0/axaddr_incr_reg[9]/CE
                                                              -1.285        
i_ps/system_i/system_i/processing_system7/inst/PS7_i/MAXIGP1ACLK
                               i_ps/system_i/system_i/xadc/inst/INTR_CTRLR_GEN_I.INTERRUPT_CONTROL_I/GEN_IP_IRPT_STATUS_REG[13].GEN_REG_STATUS.ip_irpt_status_reg_reg[13]/D
                                                              -1.281        
i_ps/system_i/system_i/processing_system7/inst/PS7_i/MAXIGP1ACLK
                               i_ps/system_i/system_i/xadc/inst/INTR_CTRLR_GEN_I.INTERRUPT_CONTROL_I/GEN_IP_IRPT_STATUS_REG[6].GEN_REG_STATUS.ip_irpt_status_reg_reg[6]/D
                                                              -1.276        
i_ps/system_i/system_i/processing_system7/inst/PS7_i/MAXIGP1ACLK
                               i_ps/system_i/system_i/xadc/inst/SOFT_RESET_I/reset_trig_reg/D
                                                              -1.272        
i_ps/system_i/system_i/processing_system7/inst/PS7_i/MAXIGP1ACLK
                               i_ps/system_i/system_i/xadc/inst/INTR_CTRLR_GEN_I.INTERRUPT_CONTROL_I/GEN_IP_IRPT_STATUS_REG[4].GEN_REG_STATUS.ip_irpt_status_reg_reg[4]/D
                                                              -1.245        
i_ps/system_i/system_i/xadc/inst/AXI_LITE_IPIF_I/I_SLAVE_ATTACHMENT/INCLUDE_DPHASE_TIMER.dpto_cnt_reg[6]/C
                               i_ps/system_i/system_i/axi_protocol_converter_0/inst/gen_axilite.gen_b2s_conv.axilite_b2s/WR.aw_channel_0/s_awid_r_reg[3]/CE
                                                              -1.237        
i_ps/system_i/system_i/xadc/inst/AXI_LITE_IPIF_I/I_SLAVE_ATTACHMENT/INCLUDE_DPHASE_TIMER.dpto_cnt_reg[6]/C
                               i_ps/system_i/system_i/axi_protocol_converter_0/inst/gen_axilite.gen_b2s_conv.axilite_b2s/WR.aw_channel_0/s_awid_r_reg[5]/CE
                                                              -1.237        
i_ps/system_i/system_i/xadc/inst/AXI_LITE_IPIF_I/I_SLAVE_ATTACHMENT/INCLUDE_DPHASE_TIMER.dpto_cnt_reg[6]/C
                               i_ps/system_i/system_i/axi_protocol_converter_0/inst/gen_axilite.gen_b2s_conv.axilite_b2s/WR.aw_channel_0/s_awid_r_reg[6]/CE
                                                              -1.237        
i_ps/system_i/system_i/xadc/inst/AXI_LITE_IPIF_I/I_SLAVE_ATTACHMENT/INCLUDE_DPHASE_TIMER.dpto_cnt_reg[6]/C
                               i_ps/system_i/system_i/axi_protocol_converter_0/inst/gen_axilite.gen_b2s_conv.axilite_b2s/WR.aw_channel_0/s_awid_r_reg[8]/CE
                                                              -1.237        
i_ps/system_i/system_i/xadc/inst/AXI_LITE_IPIF_I/I_SLAVE_ATTACHMENT/INCLUDE_DPHASE_TIMER.dpto_cnt_reg[6]/C
                               i_ps/system_i/system_i/axi_protocol_converter_0/inst/gen_axilite.gen_b2s_conv.axilite_b2s/WR.aw_channel_0/s_awlen_r_reg[0]/CE
                                                              -1.237        
i_ps/system_i/system_i/axi_protocol_converter_0/inst/gen_axilite.gen_b2s_conv.axilite_b2s/WR.aw_channel_0/cmd_translator_0/wrap_cmd_0/sel_first_reg/C
                               i_ps/system_i/system_i/xadc/inst/AXI_XADC_CORE_I/XADC_INST/DADDR[2]
                                                              -1.235        
i_ps/system_i/system_i/xadc/inst/INTR_CTRLR_GEN_I.ip2bus_rdack_reg/C
                               i_ps/system_i/system_i/axi_protocol_converter_0/inst/gen_axilite.gen_b2s_conv.axilite_b2s/RD.ar_channel_0/cmd_translator_0/incr_cmd_0/axaddr_incr_reg[6]/D
                                                              -1.227        
i_ps/system_i/system_i/axi_protocol_converter_0/inst/gen_axilite.gen_b2s_conv.axilite_b2s/RD.r_channel_0/rd_data_fifo_0/cnt_read_reg[3]_rep__2/C
                               i_ps/system_i/system_i/axi_protocol_converter_0/inst/gen_axilite.gen_b2s_conv.axilite_b2s/RD.r_channel_0/rd_data_fifo_0/cnt_read_reg[4]/D
                                                              -1.186        
i_ps/system_i/system_i/axi_protocol_converter_0/inst/gen_axilite.gen_b2s_conv.axilite_b2s/SI_REG/aw_pipe/m_payload_i_reg[3]/C
                               i_ps/system_i/system_i/xadc/inst/AXI_XADC_CORE_I/XADC_INST/DADDR[1]
                                                              -1.185        
i_ps/system_i/system_i/processing_system7/inst/PS7_i/MAXIGP1ACLK
                               i_ps/system_i/system_i/xadc/inst/INTR_CTRLR_GEN_I.INTERRUPT_CONTROL_I/GEN_IP_IRPT_STATUS_REG[5].GEN_REG_STATUS.ip_irpt_status_reg_reg[5]/D
                                                              -1.160        
i_ps/system_i/system_i/axi_protocol_converter_0/inst/gen_axilite.gen_b2s_conv.axilite_b2s/SI_REG/aw_pipe/m_payload_i_reg[8]/C
                               i_ps/system_i/system_i/xadc/inst/AXI_LITE_IPIF_I/I_SLAVE_ATTACHMENT/I_DECODER/GEN_BKEND_CE_REGISTERS[19].ce_out_i_reg[19]/D
                                                              -1.148        
i_ps/system_i/system_i/processing_system7/inst/PS7_i/MAXIGP1ACLK
                               i_ps/system_i/system_i/xadc/inst/INTR_CTRLR_GEN_I.INTERRUPT_CONTROL_I/GEN_IP_IRPT_STATUS_REG[10].GEN_REG_STATUS.ip_irpt_status_reg_reg[10]/D
                                                              -1.142        
i_ps/system_i/system_i/xadc/inst/INTR_CTRLR_GEN_I.ip2bus_rdack_reg/C
                               i_ps/system_i/system_i/axi_protocol_converter_0/inst/gen_axilite.gen_b2s_conv.axilite_b2s/RD.ar_channel_0/cmd_translator_0/incr_cmd_0/axaddr_incr_reg[5]/D
                                                              -1.135        
i_ps/system_i/system_i/axi_protocol_converter_0/inst/gen_axilite.gen_b2s_conv.axilite_b2s/SI_REG/aw_pipe/m_payload_i_reg[6]/C
                               i_ps/system_i/system_i/xadc/inst/AXI_LITE_IPIF_I/I_SLAVE_ATTACHMENT/I_DECODER/GEN_BKEND_CE_REGISTERS[3].ce_out_i_reg[3]/D
                                                              -1.119        
i_ps/system_i/system_i/axi_protocol_converter_0/inst/gen_axilite.gen_b2s_conv.axilite_b2s/SI_REG/aw_pipe/m_payload_i_reg[6]/C
                               i_ps/system_i/system_i/xadc/inst/AXI_LITE_IPIF_I/I_SLAVE_ATTACHMENT/I_DECODER/GEN_BKEND_CE_REGISTERS[0].ce_out_i_reg[0]/D
                                                              -1.114        
i_ps/system_i/system_i/xadc/inst/AXI_LITE_IPIF_I/I_SLAVE_ATTACHMENT/INCLUDE_DPHASE_TIMER.dpto_cnt_reg[6]/C
                               i_ps/system_i/system_i/axi_protocol_converter_0/inst/gen_axilite.gen_b2s_conv.axilite_b2s/WR.aw_channel_0/cmd_translator_0/incr_cmd_0/axaddr_incr_reg[0]/CE
                                                              -1.100        
i_ps/system_i/system_i/xadc/inst/AXI_LITE_IPIF_I/I_SLAVE_ATTACHMENT/INCLUDE_DPHASE_TIMER.dpto_cnt_reg[6]/C
                               i_ps/system_i/system_i/axi_protocol_converter_0/inst/gen_axilite.gen_b2s_conv.axilite_b2s/WR.aw_channel_0/cmd_translator_0/incr_cmd_0/axaddr_incr_reg[1]/CE
                                                              -1.100        
i_ps/system_i/system_i/xadc/inst/AXI_LITE_IPIF_I/I_SLAVE_ATTACHMENT/INCLUDE_DPHASE_TIMER.dpto_cnt_reg[6]/C
                               i_ps/system_i/system_i/axi_protocol_converter_0/inst/gen_axilite.gen_b2s_conv.axilite_b2s/WR.aw_channel_0/cmd_translator_0/incr_cmd_0/axaddr_incr_reg[2]/CE
                                                              -1.100        
i_ps/system_i/system_i/xadc/inst/AXI_LITE_IPIF_I/I_SLAVE_ATTACHMENT/INCLUDE_DPHASE_TIMER.dpto_cnt_reg[6]/C
                               i_ps/system_i/system_i/axi_protocol_converter_0/inst/gen_axilite.gen_b2s_conv.axilite_b2s/WR.aw_channel_0/cmd_translator_0/incr_cmd_0/axaddr_incr_reg[3]/CE
                                                              -1.100        
i_ps/system_i/system_i/axi_protocol_converter_0/inst/gen_axilite.gen_b2s_conv.axilite_b2s/SI_REG/aw_pipe/m_payload_i_reg[8]/C
                               i_ps/system_i/system_i/xadc/inst/AXI_LITE_IPIF_I/I_SLAVE_ATTACHMENT/I_DECODER/GEN_BKEND_CE_REGISTERS[14].ce_out_i_reg[14]/D
                                                              -1.097        
i_ps/system_i/system_i/processing_system7/inst/PS7_i/MAXIGP1ACLK
                               i_ps/system_i/system_i/xadc/inst/INTR_CTRLR_GEN_I.ip2bus_error_reg/D
                                                              -1.096        
i_ps/system_i/system_i/xadc/inst/INTR_CTRLR_GEN_I.ip2bus_rdack_reg/C
                               i_ps/system_i/system_i/axi_protocol_converter_0/inst/gen_axilite.gen_b2s_conv.axilite_b2s/RD.ar_channel_0/cmd_translator_0/s_axburst_eq0_reg/D
                                                              -1.091        
i_ps/system_i/system_i/xadc/inst/SOFT_RESET_I/RESET_FLOPS[15].RST_FLOPS/C
                               i_ps/system_i/system_i/xadc/inst/AXI_XADC_CORE_I/do_reg_reg[9]/R
                                                              -1.088        
i_ps/system_i/system_i/xadc/inst/AXI_LITE_IPIF_I/I_SLAVE_ATTACHMENT/INCLUDE_DPHASE_TIMER.dpto_cnt_reg[6]/C
                               i_ps/system_i/system_i/axi_protocol_converter_0/inst/gen_axilite.gen_b2s_conv.axilite_b2s/WR.aw_channel_0/s_awid_r_reg[1]/CE
                                                              -1.081        
i_ps/system_i/system_i/xadc/inst/AXI_LITE_IPIF_I/I_SLAVE_ATTACHMENT/INCLUDE_DPHASE_TIMER.dpto_cnt_reg[6]/C
                               i_ps/system_i/system_i/axi_protocol_converter_0/inst/gen_axilite.gen_b2s_conv.axilite_b2s/WR.aw_channel_0/s_awid_r_reg[2]/CE
                                                              -1.081        
i_ps/system_i/system_i/xadc/inst/AXI_LITE_IPIF_I/I_SLAVE_ATTACHMENT/INCLUDE_DPHASE_TIMER.dpto_cnt_reg[6]/C
                               i_ps/system_i/system_i/axi_protocol_converter_0/inst/gen_axilite.gen_b2s_conv.axilite_b2s/WR.aw_channel_0/s_awlen_r_reg[1]/CE
                                                              -1.081        
i_ps/system_i/system_i/xadc/inst/AXI_LITE_IPIF_I/I_SLAVE_ATTACHMENT/INCLUDE_DPHASE_TIMER.dpto_cnt_reg[6]/C
                               i_ps/system_i/system_i/axi_protocol_converter_0/inst/gen_axilite.gen_b2s_conv.axilite_b2s/WR.aw_channel_0/s_awlen_r_reg[2]/CE
                                                              -1.081        
i_ps/system_i/system_i/axi_protocol_converter_0/inst/gen_axilite.gen_b2s_conv.axilite_b2s/SI_REG/aw_pipe/m_payload_i_reg[6]/C
                               i_ps/system_i/system_i/xadc/inst/AXI_LITE_IPIF_I/I_SLAVE_ATTACHMENT/I_DECODER/GEN_BKEND_CE_REGISTERS[1].ce_out_i_reg[1]/D
                                                              -1.074        
i_ps/system_i/system_i/xadc/inst/AXI_LITE_IPIF_I/I_SLAVE_ATTACHMENT/INCLUDE_DPHASE_TIMER.dpto_cnt_reg[6]/C
                               i_ps/system_i/system_i/axi_protocol_converter_0/inst/gen_axilite.gen_b2s_conv.axilite_b2s/WR.aw_channel_0/s_awlen_r_reg[3]/CE
                                                              -1.069        
i_ps/system_i/system_i/processing_system7/inst/PS7_i/MAXIGP1ACLK
                               i_ps/system_i/system_i/xadc/inst/INTR_CTRLR_GEN_I.INTERRUPT_CONTROL_I/GEN_IP_IRPT_STATUS_REG[7].GEN_REG_STATUS.ip_irpt_status_reg_reg[7]/D
                                                              -1.066        
i_ps/system_i/system_i/axi_protocol_converter_0/inst/gen_axilite.gen_b2s_conv.axilite_b2s/WR.aw_channel_0/aw_cmd_fsm_0/state_reg[1]/C
                               i_ps/system_i/system_i/axi_protocol_converter_0/inst/gen_axilite.gen_b2s_conv.axilite_b2s/WR.aw_channel_0/cmd_translator_0/wrap_cmd_0/wrap_cnt_r_reg[3]/D
                                                              -1.063        
i_ps/system_i/system_i/processing_system7/inst/PS7_i/MAXIGP1ACLK
                               i_ps/system_i/system_i/xadc/inst/INTR_CTRLR_GEN_I.INTERRUPT_CONTROL_I/GEN_IP_IRPT_STATUS_REG[3].GEN_REG_STATUS.ip_irpt_status_reg_reg[3]/D
                                                              -1.062        
i_ps/system_i/system_i/xadc/inst/INTR_CTRLR_GEN_I.ip2bus_rdack_reg/C
                               i_ps/system_i/system_i/axi_protocol_converter_0/inst/gen_axilite.gen_b2s_conv.axilite_b2s/RD.ar_channel_0/cmd_translator_0/s_axburst_eq1_reg/D
                                                              -1.042        
i_ps/system_i/system_i/axi_protocol_converter_0/inst/gen_axilite.gen_b2s_conv.axilite_b2s/SI_REG/aw_pipe/m_payload_i_reg[8]/C
                               i_ps/system_i/system_i/xadc/inst/AXI_LITE_IPIF_I/I_SLAVE_ATTACHMENT/I_DECODER/GEN_BKEND_CE_REGISTERS[13].ce_out_i_reg[13]/D
                                                              -1.036        
i_ps/system_i/system_i/xadc/inst/INTR_CTRLR_GEN_I.ip2bus_rdack_reg/C
                               i_ps/system_i/system_i/axi_protocol_converter_0/inst/gen_axilite.gen_b2s_conv.axilite_b2s/RD.ar_channel_0/cmd_translator_0/incr_cmd_0/axaddr_incr_reg[0]/D
                                                              -1.034        
i_ps/system_i/system_i/axi_protocol_converter_0/inst/gen_axilite.gen_b2s_conv.axilite_b2s/SI_REG/aw_pipe/m_payload_i_reg[8]/C
                               i_ps/system_i/system_i/xadc/inst/AXI_LITE_IPIF_I/I_SLAVE_ATTACHMENT/I_DECODER/GEN_BKEND_CE_REGISTERS[12].ce_out_i_reg[12]/D
                                                              -1.032        
i_ps/system_i/system_i/xadc/inst/INTR_CTRLR_GEN_I.ip2bus_rdack_reg/C
                               i_ps/system_i/system_i/axi_protocol_converter_0/inst/gen_axilite.gen_b2s_conv.axilite_b2s/RD.ar_channel_0/cmd_translator_0/incr_cmd_0/axlen_cnt_reg[0]/CE
                                                              -1.030        
i_ps/system_i/system_i/xadc/inst/INTR_CTRLR_GEN_I.ip2bus_rdack_reg/C
                               i_ps/system_i/system_i/axi_protocol_converter_0/inst/gen_axilite.gen_b2s_conv.axilite_b2s/RD.ar_channel_0/cmd_translator_0/incr_cmd_0/axlen_cnt_reg[1]/CE
                                                              -1.030        
i_ps/system_i/system_i/xadc/inst/INTR_CTRLR_GEN_I.ip2bus_rdack_reg/C
                               i_ps/system_i/system_i/axi_protocol_converter_0/inst/gen_axilite.gen_b2s_conv.axilite_b2s/RD.ar_channel_0/cmd_translator_0/incr_cmd_0/axlen_cnt_reg[2]/CE
                                                              -1.030        
i_ps/system_i/system_i/xadc/inst/INTR_CTRLR_GEN_I.ip2bus_rdack_reg/C
                               i_ps/system_i/system_i/axi_protocol_converter_0/inst/gen_axilite.gen_b2s_conv.axilite_b2s/RD.ar_channel_0/cmd_translator_0/incr_cmd_0/axlen_cnt_reg[3]/CE
                                                              -1.030        
i_ps/system_i/system_i/xadc/inst/INTR_CTRLR_GEN_I.ip2bus_rdack_reg/C
                               i_ps/system_i/system_i/axi_protocol_converter_0/inst/gen_axilite.gen_b2s_conv.axilite_b2s/RD.ar_channel_0/cmd_translator_0/incr_cmd_0/axaddr_incr_reg[4]/D
                                                              -1.024        
i_ps/system_i/system_i/xadc/inst/INTR_CTRLR_GEN_I.ip2bus_rdack_reg/C
                               i_ps/system_i/system_i/axi_protocol_converter_0/inst/gen_axilite.gen_b2s_conv.axilite_b2s/RD.ar_channel_0/cmd_translator_0/incr_cmd_0/axlen_cnt_reg[4]/CE
                                                              -1.021        
i_ps/system_i/system_i/xadc/inst/INTR_CTRLR_GEN_I.ip2bus_rdack_reg/C
                               i_ps/system_i/system_i/axi_protocol_converter_0/inst/gen_axilite.gen_b2s_conv.axilite_b2s/RD.ar_channel_0/cmd_translator_0/incr_cmd_0/axlen_cnt_reg[5]/CE
                                                              -1.021        
pwm[1]/v_r_reg[1]/C            pwm[1]/pwm_o_reg/D             -0.440        
pwm[3]/v_r_reg[3]/C            pwm[3]/pwm_o_reg/D             -0.396        
pwm[2]/vcnt_r_reg[3]/C         pwm[2]/pwm_o_reg/D             -0.352        
pwm[0]/v_r_reg[3]/C            pwm[0]/pwm_o_reg/D             -0.032        
i_ams/dac_c_o_reg[16]/C        pwm[2]/v_reg[0]/D              0.156         
i_ams/dac_d_o_reg[15]/C        pwm[3]/b_reg[15]/D             0.266         
pwm_rstn_reg/C                 pwm[3]/pwm_o_reg/R             0.269         
pwm_rstn_reg/C                 pwm[0]/pwm_o_reg/R             0.357         
dac_rst_reg/C                  oddr_dac_dat[13]/R             0.369         
pwm[2]/bcnt_reg[1]/C           pwm[2]/v_reg[6]/CE             0.388         
pwm[2]/bcnt_reg[1]/C           pwm[2]/v_reg[7]/CE             0.388         
pwm_rstn_reg/C                 pwm[2]/pwm_o_reg/R             0.394         
dac_rst_reg/C                  oddr_dac_dat[11]/R             0.428         
dac_rst_reg/C                  oddr_dac_dat[6]/R              0.432         
dac_rst_reg/C                  oddr_dac_sel/R                 0.443         
dac_rst_reg/C                  oddr_dac_dat[7]/R              0.449         
dac_rst_reg/C                  oddr_dac_dat[8]/R              0.452         
pwm_rstn_reg/C                 pwm[1]/pwm_o_reg/R             0.464         
pwm[0]/vcnt_reg[1]/C           pwm[0]/b_reg[12]/CE            0.465         
pwm[0]/vcnt_reg[1]/C           pwm[0]/b_reg[2]/CE             0.465         
pwm[0]/vcnt_reg[1]/C           pwm[0]/b_reg[3]/CE             0.465         
pwm[0]/vcnt_reg[1]/C           pwm[0]/b_reg[4]/CE             0.465         
i_ams/dac_b_o_reg[1]/C         pwm[1]/b_reg[1]/D              0.472         
dac_rst_reg/C                  oddr_dac_dat[4]/R              0.480         
dac_rst_reg/C                  oddr_dac_dat[3]/R              0.480         
dac_rst_reg/C                  oddr_dac_dat[10]/R             0.485         
pwm[2]/vcnt_reg[2]/C           pwm[2]/b_reg[14]/CE            0.491         
pwm[2]/bcnt_reg[1]/C           pwm[2]/v_reg[0]/CE             0.501         
pwm[2]/bcnt_reg[1]/C           pwm[2]/v_reg[1]/CE             0.501         
pwm[2]/bcnt_reg[1]/C           pwm[2]/v_reg[2]/CE             0.501         
pwm[2]/bcnt_reg[1]/C           pwm[2]/v_reg[3]/CE             0.501         
pwm[2]/bcnt_reg[1]/C           pwm[2]/v_reg[4]/CE             0.501         
pwm[2]/bcnt_reg[1]/C           pwm[2]/v_reg[5]/CE             0.501         
pwm[0]/vcnt_reg[1]/C           pwm[0]/b_reg[0]/CE             0.501         
pwm[0]/vcnt_reg[1]/C           pwm[0]/b_reg[13]/CE            0.501         
pwm[0]/vcnt_reg[1]/C           pwm[0]/b_reg[1]/CE             0.501         
pwm[0]/vcnt_reg[1]/C           pwm[0]/b_reg[7]/CE             0.501         
dac_rst_reg/C                  oddr_dac_dat[12]/R             0.507         
pwm[0]/vcnt_reg[1]/C           pwm[0]/b_reg[10]/CE            0.512         
pwm[0]/vcnt_reg[1]/C           pwm[0]/b_reg[11]/CE            0.512         
pwm[0]/vcnt_reg[1]/C           pwm[0]/b_reg[8]/CE             0.512         
pwm[0]/vcnt_reg[1]/C           pwm[0]/b_reg[9]/CE             0.512         
dac_rst_reg/C                  oddr_dac_dat[2]/R              0.515         
dac_rst_reg/C                  oddr_dac_dat[5]/R              0.517         
dac_rst_reg/C                  oddr_dac_dat[9]/R              0.520         
pwm[3]/vcnt_reg[0]/C           pwm[3]/b_reg[11]/CE            0.525         
pwm[3]/vcnt_reg[0]/C           pwm[3]/b_reg[12]/CE            0.525         
pwm[3]/vcnt_reg[0]/C           pwm[3]/b_reg[13]/CE            0.525         
pwm[3]/vcnt_reg[0]/C           pwm[3]/b_reg[14]/CE            0.525         
pwm[3]/vcnt_reg[0]/C           pwm[3]/b_reg[15]/CE            0.525         
pwm[3]/vcnt_reg[0]/C           pwm[3]/b_reg[10]/CE            0.530         
pwm[3]/vcnt_reg[0]/C           pwm[3]/b_reg[8]/CE             0.530         
pwm[3]/vcnt_reg[0]/C           pwm[3]/b_reg[9]/CE             0.530         
pwm_rstn_reg/C                 pwm[0]/bcnt_reg[0]/R           0.535         
pwm_rstn_reg/C                 pwm[0]/bcnt_reg[1]/R           0.535         
pwm_rstn_reg/C                 pwm[0]/bcnt_reg[2]/R           0.535         
pwm_rstn_reg/C                 pwm[0]/bcnt_reg[3]/R           0.535         
pwm[0]/bcnt_reg[0]/C           pwm[0]/v_reg[1]/CE             0.535         
pwm[0]/bcnt_reg[0]/C           pwm[0]/v_reg[2]/CE             0.535         
pwm[0]/bcnt_reg[0]/C           pwm[0]/v_reg[3]/CE             0.535         
pwm[0]/bcnt_reg[0]/C           pwm[0]/v_reg[4]/CE             0.535         
pwm[0]/bcnt_reg[0]/C           pwm[0]/v_reg[5]/CE             0.535         
pwm[0]/bcnt_reg[0]/C           pwm[0]/v_reg[6]/CE             0.535         
i_ams/dac_b_o_reg[12]/C        pwm[1]/b_reg[12]/D             0.547         
pwm[2]/vcnt_reg[2]/C           pwm[2]/b_reg[10]/CE            0.557         
pwm[2]/vcnt_reg[2]/C           pwm[2]/b_reg[1]/CE             0.557         
pwm[2]/vcnt_reg[2]/C           pwm[2]/b_reg[3]/CE             0.557         
pwm[2]/vcnt_reg[2]/C           pwm[2]/b_reg[4]/CE             0.557         
dac_rst_reg/C                  oddr_dac_dat[0]/R              0.563         
pwm[2]/vcnt_reg[2]/C           pwm[2]/b_reg[11]/CE            0.566         
pwm[2]/vcnt_reg[2]/C           pwm[2]/b_reg[12]/CE            0.566         
pwm[2]/vcnt_reg[2]/C           pwm[2]/b_reg[13]/CE            0.566         
pwm[2]/vcnt_reg[2]/C           pwm[2]/b_reg[15]/CE            0.566         
pwm[2]/vcnt_reg[2]/C           pwm[2]/b_reg[2]/CE             0.566         
pwm[3]/vcnt_reg[0]/C           pwm[3]/b_reg[0]/CE             0.566         
pwm[3]/vcnt_reg[0]/C           pwm[3]/b_reg[1]/CE             0.566         
pwm[3]/vcnt_reg[0]/C           pwm[3]/b_reg[2]/CE             0.566         
pwm[3]/vcnt_reg[0]/C           pwm[3]/b_reg[3]/CE             0.566         
pwm[0]/bcnt_reg[0]/C           pwm[0]/v_reg[0]/CE             0.584         
pwm[0]/bcnt_reg[0]/C           pwm[0]/v_reg[7]/CE             0.584         
i_ams/dac_c_o_reg[4]/C         pwm[2]/b_reg[4]/D              0.605         
pwm[3]/vcnt_reg[0]/C           pwm[3]/bcnt_reg[0]/CE          0.612         
pwm[3]/vcnt_reg[0]/C           pwm[3]/bcnt_reg[1]/CE          0.612         
i_ams/dac_c_o_reg[0]/C         pwm[2]/b_reg[0]/D              0.618         
pwm[3]/vcnt_reg[0]/C           pwm[3]/b_reg[4]/CE             0.627         
pwm[3]/vcnt_reg[0]/C           pwm[3]/b_reg[5]/CE             0.627         
pwm[3]/vcnt_reg[0]/C           pwm[3]/b_reg[6]/CE             0.627         
pwm[3]/vcnt_reg[0]/C           pwm[3]/b_reg[7]/CE             0.627         
pwm[2]/vcnt_reg[2]/C           pwm[2]/b_reg[5]/CE             0.631         
pwm[2]/vcnt_reg[2]/C           pwm[2]/b_reg[6]/CE             0.633         
pwm[2]/vcnt_reg[2]/C           pwm[2]/b_reg[8]/CE             0.633         
pwm_rstn_reg/C                 pwm[3]/vcnt_reg[0]/R           0.641         
pwm_rstn_reg/C                 pwm[3]/vcnt_reg[1]/R           0.641         
pwm_rstn_reg/C                 pwm[3]/vcnt_reg[2]/R           0.641         
pwm_rstn_reg/C                 pwm[3]/vcnt_reg[3]/R           0.641         
pwm_rstn_reg/C                 pwm[3]/vcnt_reg[4]/R           0.641         
pwm_rstn_reg/C                 pwm[3]/vcnt_reg[5]/R           0.641         
pwm[1]/bcnt_reg[3]/C           pwm[1]/v_reg[1]/CE             0.649         
pwm[1]/bcnt_reg[3]/C           pwm[1]/v_reg[2]/CE             0.649         
pwm[1]/bcnt_reg[3]/C           pwm[1]/v_reg[4]/CE             0.649         
pwm[1]/bcnt_reg[3]/C           pwm[1]/v_reg[7]/CE             0.649         
i_ams/dac_a_o_reg[13]/C        pwm[0]/b_reg[13]/D             0.686         
pwm[0]/vcnt_reg[1]/C           pwm[0]/b_reg[14]/CE            0.690         
pwm[0]/vcnt_reg[1]/C           pwm[0]/b_reg[5]/CE             0.690         
pwm[0]/vcnt_reg[1]/C           pwm[0]/b_reg[6]/CE             0.690         
pwm[2]/vcnt_reg[2]/C           pwm[2]/bcnt_reg[0]/CE          0.698         
pwm[2]/vcnt_reg[2]/C           pwm[2]/bcnt_reg[1]/CE          0.698         
pwm[2]/vcnt_reg[2]/C           pwm[2]/bcnt_reg[2]/CE          0.698         
pwm[2]/vcnt_reg[2]/C           pwm[2]/bcnt_reg[3]/CE          0.698         
pwm[1]/v_reg[2]/C              pwm[1]/v_r_reg[5]/D            0.698         
i_ams/dac_c_o_reg[21]/C        pwm[2]/v_reg[5]/D              0.699         
dac_rst_reg/C                  oddr_dac_dat[1]/R              0.702         
pwm_rstn_reg/C                 pwm[2]/b_reg[7]/CE             0.705         
pwm[2]/vcnt_reg[2]/C           pwm[2]/b_reg[9]/CE             0.708         
pwm_rstn_reg/C                 pwm[1]/bcnt_reg[0]/R           0.710         
dac_rst_reg/C                  oddr_dac_rst/D2                1.639         
dac_dat_a_reg[5]/C             oddr_dac_dat[5]/D2             1.797         
dac_dat_a_reg[12]/C            oddr_dac_dat[12]/D2            1.846         
i_dsp/sum2_reg[16]/C           dac_dat_b_reg[12]/D            1.865         
dac_dat_a_reg[3]/C             oddr_dac_dat[3]/D2             1.868         
i_dsp/sum2_reg[14]/C           dac_dat_b_reg[5]/D             1.897         
dac_dat_a_reg[4]/C             oddr_dac_dat[4]/D2             1.899         
dac_dat_a_reg[9]/C             oddr_dac_dat[9]/D2             1.904         
dac_dat_a_reg[0]/C             oddr_dac_dat[0]/D2             1.943         
dac_dat_a_reg[1]/C             oddr_dac_dat[1]/D2             1.972         
dac_dat_a_reg[7]/C             oddr_dac_dat[7]/D2             1.981         
dac_dat_a_reg[2]/C             oddr_dac_dat[2]/D2             2.033         
dac_dat_a_reg[13]/C            oddr_dac_dat[13]/D2            2.041         
dac_dat_a_reg[8]/C             oddr_dac_dat[8]/D2             2.127         
dac_dat_a_reg[11]/C            oddr_dac_dat[11]/D2            2.129         
dac_dat_a_reg[6]/C             oddr_dac_dat[6]/D2             2.129         
dac_dat_a_reg[10]/C            oddr_dac_dat[10]/D2            2.130         
i_dsp/sum2_reg[14]/C           dac_dat_b_reg[4]/D             2.548         
i_dsp/sum1_reg[13]/C           dac_dat_a_reg[8]/D             2.753         
i_dsp/sum1_reg[14]/C           dac_dat_a_reg[10]/D            2.891         
i_dsp/sum1_reg[14]/C           dac_dat_a_reg[4]/D             2.990         
i_dsp/sum2_reg[15]/C           dac_dat_b_reg[7]/D             3.044         
i_dsp/sum1_reg[14]/C           dac_dat_a_reg[2]/D             3.066         
i_dsp/sum2_reg[13]/C           dac_dat_b_reg[2]/D             3.133         
i_dsp/sum1_reg[13]/C           dac_dat_a_reg[5]/D             3.226         
i_dsp/sum2_reg[15]/C           dac_dat_b_reg[3]/D             3.270         
i_dsp/sum2_reg[14]/C           dac_dat_b_reg[6]/D             3.286         
i_dsp/sum1_reg[1]/C            dac_dat_a_reg[1]/D             3.347         
i_dsp/sum2_reg[14]/C           dac_dat_b_reg[0]/D             3.401         
i_dsp/sum2_reg[9]/C            dac_dat_b_reg[9]/D             3.447         
i_dsp/sum2_reg[14]/C           dac_dat_b_reg[1]/D             3.453         
i_dsp/sum1_reg[13]/C           dac_dat_a_reg[12]/D            3.517         
i_dsp/sum2_reg[14]/C           dac_dat_b_reg[10]/D            3.607         
i_dsp/sum1_reg[13]/C           dac_dat_a_reg[3]/D             3.734         
i_dsp/sum1_reg[14]/C           dac_dat_a_reg[6]/D             3.841         
i_dsp/sum2_reg[17]/C           dac_dat_b_reg[13]/D            3.907         
i_dsp/sum2_reg[13]/C           dac_dat_b_reg[11]/D            3.909         
i_dsp/sum1_reg[14]/C           dac_dat_a_reg[0]/D             4.061         
i_dsp/sum1_reg[13]/C           dac_dat_a_reg[11]/D            4.127         
i_dsp/sum1_reg[17]/C           dac_dat_a_reg[13]/D            4.145         
i_dsp/sum1_reg[14]/C           dac_dat_a_reg[9]/D             4.243         
i_dsp/sum2_reg[14]/C           dac_dat_b_reg[8]/D             4.326         
i_dsp/sum1_reg[14]/C           dac_dat_a_reg[7]/D             4.327         
dac_rst_reg/C                  oddr_dac_rst/D1                5.449         
dac_dat_b_reg[5]/C             oddr_dac_dat[5]/D1             5.741         
dac_dat_b_reg[0]/C             oddr_dac_dat[0]/D1             5.799         
dac_dat_b_reg[12]/C            oddr_dac_dat[12]/D1            5.817         
dac_dat_b_reg[7]/C             oddr_dac_dat[7]/D1             5.818         
dac_dat_b_reg[1]/C             oddr_dac_dat[1]/D1             5.831         
dac_dat_b_reg[9]/C             oddr_dac_dat[9]/D1             5.981         
dac_dat_b_reg[2]/C             oddr_dac_dat[2]/D1             5.987         
dac_dat_b_reg[4]/C             oddr_dac_dat[4]/D1             6.037         
dac_dat_b_reg[3]/C             oddr_dac_dat[3]/D1             6.041         
dac_dat_b_reg[13]/C            oddr_dac_dat[13]/D1            6.043         
dac_dat_b_reg[8]/C             oddr_dac_dat[8]/D1             6.127         
dac_dat_b_reg[11]/C            oddr_dac_dat[11]/D1            6.129         
dac_dat_b_reg[6]/C             oddr_dac_dat[6]/D1             6.129         
dac_dat_b_reg[10]/C            oddr_dac_dat[10]/D1            6.130         



